<?xml version="1.0" encoding="UTF-8"?>
<testng-results ignored="0" total="2" passed="2" failed="0" skipped="0">
  <reporter-output>
  </reporter-output>
  <suite started-at="2024-12-15T22:34:49 PKT" name="Surefire suite" finished-at="2024-12-15T22:34:56 PKT" duration-ms="6646">
    <groups>
    </groups>
    <test started-at="2024-12-15T22:34:49 PKT" name="Surefire test" finished-at="2024-12-15T22:34:56 PKT" duration-ms="6646">
      <class name="ExampleTest">
        <test-method signature="sampleTest()[pri:0, instance:ExampleTest@1372ed45]" started-at="2024-12-15T22:34:56 PKT" name="sampleTest" finished-at="2024-12-15T22:34:56 PKT" duration-ms="0" status="PASS">
          <reporter-output>
          </reporter-output>
        </test-method> <!-- sampleTest -->
      </class> <!-- ExampleTest -->
      <class name="GoogleSearchTest">
        <test-method is-config="true" signature="setUp()[pri:0, instance:GoogleSearchTest@1dd02175]" started-at="2024-12-15T22:34:49 PKT" name="setUp" finished-at="2024-12-15T22:34:51 PKT" duration-ms="1477" status="PASS">
          <reporter-output>
          </reporter-output>
        </test-method> <!-- setUp -->
        <test-method signature="searchGoogle()[pri:0, instance:GoogleSearchTest@1dd02175]" started-at="2024-12-15T22:34:51 PKT" name="searchGoogle" finished-at="2024-12-15T22:34:56 PKT" duration-ms="5045" status="PASS">
          <reporter-output>
          </reporter-output>
        </test-method> <!-- searchGoogle -->
        <test-method is-config="true" signature="tearDown()[pri:0, instance:GoogleSearchTest@1dd02175]" started-at="2024-12-15T22:34:56 PKT" name="tearDown" finished-at="2024-12-15T22:34:56 PKT" duration-ms="113" status="PASS">
          <reporter-output>
          </reporter-output>
        </test-method> <!-- tearDown -->
      </class> <!-- GoogleSearchTest -->
    </test> <!-- Surefire test -->
  </suite> <!-- Surefire suite -->
</testng-results>
