<?xml version="1.0" encoding="UTF-8"?>
<testng-results ignored="0" total="1" passed="1" failed="0" skipped="0">
  <reporter-output>
  </reporter-output>
  <suite started-at="2024-12-15T22:35:55 PKT" name="Surefire suite" finished-at="2024-12-15T22:36:02 PKT" duration-ms="6598">
    <groups>
    </groups>
    <test started-at="2024-12-15T22:35:55 PKT" name="Surefire test" finished-at="2024-12-15T22:36:02 PKT" duration-ms="6598">
      <class name="GoogleSearchTest">
        <test-method is-config="true" signature="setUp()[pri:0, instance:GoogleSearchTest@282003e1]" started-at="2024-12-15T22:35:55 PKT" name="setUp" finished-at="2024-12-15T22:35:56 PKT" duration-ms="838" status="PASS">
          <reporter-output>
          </reporter-output>
        </test-method> <!-- setUp -->
        <test-method signature="searchGoogle()[pri:0, instance:GoogleSearchTest@282003e1]" started-at="2024-12-15T22:35:56 PKT" name="searchGoogle" finished-at="2024-12-15T22:36:02 PKT" duration-ms="5613" status="PASS">
          <reporter-output>
          </reporter-output>
        </test-method> <!-- searchGoogle -->
        <test-method is-config="true" signature="tearDown()[pri:0, instance:GoogleSearchTest@282003e1]" started-at="2024-12-15T22:36:02 PKT" name="tearDown" finished-at="2024-12-15T22:36:02 PKT" duration-ms="136" status="PASS">
          <reporter-output>
          </reporter-output>
        </test-method> <!-- tearDown -->
      </class> <!-- GoogleSearchTest -->
    </test> <!-- Surefire test -->
  </suite> <!-- Surefire suite -->
</testng-results>
